2020-11-21 23:11:59,724 INFO org.springframework.boot.StartupInfoLogger [restartedMain] Starting SakabayBackendApplication on MBP-de-Williams with PID 3007 (/Users/williamsmodeste/eclipse-workspace/sakabay-backend/target/classes started by williamsmodeste in /Users/williamsmodeste/eclipse-workspace/sakabay-backend)
2020-11-21 23:11:59,724 INFO org.springframework.boot.SpringApplication [restartedMain] No active profile set, falling back to default profiles: default
2020-11-21 23:11:59,853 INFO org.springframework.data.repository.config.RepositoryConfigurationDelegate [restartedMain] Bootstrapping Spring Data JPA repositories in DEFERRED mode.
2020-11-21 23:11:59,872 INFO org.springframework.data.repository.config.RepositoryConfigurationDelegate [restartedMain] Finished Spring Data repository scanning in 19ms. Found 12 JPA repository interfaces.
2020-11-21 23:11:59,942 INFO org.springframework.boot.web.embedded.tomcat.TomcatWebServer [restartedMain] Tomcat initialized with port(s): 8080 (http)
2020-11-21 23:11:59,943 INFO org.apache.juli.logging.DirectJDKLog [restartedMain] Starting service [Tomcat]
2020-11-21 23:11:59,943 INFO org.apache.juli.logging.DirectJDKLog [restartedMain] Starting Servlet engine: [Apache Tomcat/9.0.35]
2020-11-21 23:11:59,947 INFO org.apache.juli.logging.DirectJDKLog [restartedMain] Initializing Spring embedded WebApplicationContext
2020-11-21 23:11:59,947 INFO org.springframework.boot.web.servlet.context.ServletWebServerApplicationContext [restartedMain] Root WebApplicationContext: initialization completed in 222 ms
2020-11-21 23:11:59,997 INFO org.springframework.scheduling.concurrent.ExecutorConfigurationSupport [restartedMain] Initializing ExecutorService 'applicationTaskExecutor'
2020-11-21 23:12:00,002 INFO org.hibernate.jpa.internal.util.LogHelper [task-1] HHH000204: Processing PersistenceUnitInfo [name: default]
2020-11-21 23:12:00,006 INFO com.zaxxer.hikari.HikariDataSource [task-1] HikariPool-9 - Starting...
2020-11-21 23:12:00,015 INFO com.zaxxer.hikari.HikariDataSource [task-1] HikariPool-9 - Start completed.
2020-11-21 23:12:00,015 INFO org.hibernate.dialect.Dialect [task-1] HHH000400: Using dialect: org.hibernate.dialect.MySQL5InnoDBDialect
2020-11-21 23:12:00,032 WARN org.springframework.boot.autoconfigure.orm.jpa.JpaBaseConfiguration$JpaWebConfiguration [restartedMain] spring.jpa.open-in-view is enabled by default. Therefore, database queries may be performed during view rendering. Explicitly configure spring.jpa.open-in-view to disable this warning
2020-11-21 23:12:00,507 INFO org.hibernate.engine.transaction.jta.platform.internal.JtaPlatformInitiator [task-1] HHH000490: Using JtaPlatform implementation: [org.hibernate.engine.transaction.jta.platform.internal.NoJtaPlatform]
2020-11-21 23:12:00,508 INFO org.springframework.orm.jpa.AbstractEntityManagerFactoryBean [task-1] Initialized JPA EntityManagerFactory for persistence unit 'default'
2020-11-21 23:12:00,550 INFO org.springframework.boot.devtools.autoconfigure.OptionalLiveReloadServer [task-2] LiveReload server is running on port 35729
2020-11-21 23:12:00,573 INFO org.springframework.security.web.DefaultSecurityFilterChain [restartedMain] Creating filter chain: any request, [org.springframework.security.web.context.request.async.WebAsyncManagerIntegrationFilter@2f3f2bce, org.springframework.security.web.context.SecurityContextPersistenceFilter@12958cc8, org.springframework.security.web.header.HeaderWriterFilter@1dca84d4, org.springframework.security.web.authentication.logout.LogoutFilter@4630a2d9, com.mowil.ats.configuration.JwtRequestFilter@6da701e6, org.springframework.security.web.savedrequest.RequestCacheAwareFilter@1855d7f8, org.springframework.security.web.servletapi.SecurityContextHolderAwareRequestFilter@51700c02, org.springframework.security.web.authentication.AnonymousAuthenticationFilter@b0db0b7, org.springframework.security.web.session.SessionManagementFilter@1fa6d04e, org.springframework.security.web.access.ExceptionTranslationFilter@26958be1, org.springframework.security.web.access.intercept.FilterSecurityInterceptor@64f6786e]
2020-11-21 23:12:00,646 INFO org.springframework.boot.web.embedded.tomcat.TomcatWebServer [restartedMain] Tomcat started on port(s): 8080 (http) with context path ''
2020-11-21 23:12:00,646 INFO org.springframework.data.repository.config.DeferredRepositoryInitializationListener [restartedMain] Triggering deferred initialization of Spring Data repositories…
2020-11-21 23:12:00,748 INFO org.springframework.data.repository.config.DeferredRepositoryInitializationListener [restartedMain] Spring Data repositories initialized!
2020-11-21 23:12:00,751 INFO org.springframework.boot.StartupInfoLogger [restartedMain] Started SakabayBackendApplication in 1.131 seconds (JVM running for 221.588)
2020-11-21 23:12:00,850 INFO org.springframework.boot.devtools.autoconfigure.ConditionEvaluationDeltaLoggingListener [restartedMain] Condition evaluation unchanged
2020-11-21 23:12:24,269 INFO org.springframework.orm.jpa.AbstractEntityManagerFactoryBean [Thread-1709] Closing JPA EntityManagerFactory for persistence unit 'default'
2020-11-21 23:12:24,270 INFO org.springframework.scheduling.concurrent.ExecutorConfigurationSupport [Thread-1709] Shutting down ExecutorService 'applicationTaskExecutor'
2020-11-21 23:12:24,270 INFO com.zaxxer.hikari.HikariDataSource [Thread-1709] HikariPool-9 - Shutdown initiated...
2020-11-21 23:12:24,274 INFO com.zaxxer.hikari.HikariDataSource [Thread-1709] HikariPool-9 - Shutdown completed.
2020-11-21 23:12:24,445 INFO org.springframework.boot.StartupInfoLogger [restartedMain] Starting SakabayBackendApplication on MBP-de-Williams with PID 3007 (/Users/williamsmodeste/eclipse-workspace/sakabay-backend/target/classes started by williamsmodeste in /Users/williamsmodeste/eclipse-workspace/sakabay-backend)
2020-11-21 23:12:24,446 DEBUG org.springframework.boot.StartupInfoLogger [restartedMain] Running with Spring Boot v2.3.0.RELEASE, Spring v5.2.6.RELEASE
2020-11-21 23:12:24,446 INFO org.springframework.boot.SpringApplication [restartedMain] No active profile set, falling back to default profiles: default
2020-11-21 23:12:24,611 INFO org.springframework.data.repository.config.RepositoryConfigurationDelegate [restartedMain] Bootstrapping Spring Data JPA repositories in DEFERRED mode.
2020-11-21 23:12:24,637 INFO org.springframework.data.repository.config.RepositoryConfigurationDelegate [restartedMain] Finished Spring Data repository scanning in 25ms. Found 12 JPA repository interfaces.
2020-11-21 23:12:24,731 INFO org.springframework.boot.web.embedded.tomcat.TomcatWebServer [restartedMain] Tomcat initialized with port(s): 8080 (http)
2020-11-21 23:12:24,732 INFO org.apache.juli.logging.DirectJDKLog [restartedMain] Starting service [Tomcat]
2020-11-21 23:12:24,732 INFO org.apache.juli.logging.DirectJDKLog [restartedMain] Starting Servlet engine: [Apache Tomcat/9.0.35]
2020-11-21 23:12:24,737 INFO org.apache.juli.logging.DirectJDKLog [restartedMain] Initializing Spring embedded WebApplicationContext
2020-11-21 23:12:24,737 INFO org.springframework.boot.web.servlet.context.ServletWebServerApplicationContext [restartedMain] Root WebApplicationContext: initialization completed in 290 ms
2020-11-21 23:12:24,769 DEBUG org.springframework.web.filter.GenericFilterBean [restartedMain] Filter 'jwtRequestFilter' configured for use
2020-11-21 23:12:24,800 INFO org.springframework.scheduling.concurrent.ExecutorConfigurationSupport [restartedMain] Initializing ExecutorService 'applicationTaskExecutor'
2020-11-21 23:12:24,806 INFO org.hibernate.jpa.internal.util.LogHelper [task-1] HHH000204: Processing PersistenceUnitInfo [name: default]
2020-11-21 23:12:24,811 INFO com.zaxxer.hikari.HikariDataSource [task-1] HikariPool-10 - Starting...
2020-11-21 23:12:24,821 INFO com.zaxxer.hikari.HikariDataSource [task-1] HikariPool-10 - Start completed.
2020-11-21 23:12:24,821 INFO org.hibernate.dialect.Dialect [task-1] HHH000400: Using dialect: org.hibernate.dialect.MySQL5InnoDBDialect
2020-11-21 23:12:24,843 WARN org.springframework.boot.autoconfigure.orm.jpa.JpaBaseConfiguration$JpaWebConfiguration [restartedMain] spring.jpa.open-in-view is enabled by default. Therefore, database queries may be performed during view rendering. Explicitly configure spring.jpa.open-in-view to disable this warning
2020-11-21 23:12:25,436 INFO org.hibernate.engine.transaction.jta.platform.internal.JtaPlatformInitiator [task-1] HHH000490: Using JtaPlatform implementation: [org.hibernate.engine.transaction.jta.platform.internal.NoJtaPlatform]
2020-11-21 23:12:25,437 INFO org.springframework.orm.jpa.AbstractEntityManagerFactoryBean [task-1] Initialized JPA EntityManagerFactory for persistence unit 'default'
2020-11-21 23:12:25,511 INFO org.springframework.security.web.DefaultSecurityFilterChain [restartedMain] Creating filter chain: any request, [org.springframework.security.web.context.request.async.WebAsyncManagerIntegrationFilter@276e7003, org.springframework.security.web.context.SecurityContextPersistenceFilter@5fe725a4, org.springframework.security.web.header.HeaderWriterFilter@5df1d74d, org.springframework.security.web.authentication.logout.LogoutFilter@14a6d544, com.mowil.ats.configuration.JwtRequestFilter@5b43ed0, org.springframework.security.web.savedrequest.RequestCacheAwareFilter@151a2bc9, org.springframework.security.web.servletapi.SecurityContextHolderAwareRequestFilter@4602dd98, org.springframework.security.web.authentication.AnonymousAuthenticationFilter@2de2b0d4, org.springframework.security.web.session.SessionManagementFilter@3390e591, org.springframework.security.web.access.ExceptionTranslationFilter@7fe6aa23, org.springframework.security.web.access.intercept.FilterSecurityInterceptor@67f9eac6]
2020-11-21 23:12:25,520 INFO org.springframework.boot.devtools.autoconfigure.OptionalLiveReloadServer [task-2] LiveReload server is running on port 35729
2020-11-21 23:12:25,617 INFO org.springframework.boot.web.embedded.tomcat.TomcatWebServer [restartedMain] Tomcat started on port(s): 8080 (http) with context path ''
2020-11-21 23:12:25,618 INFO org.springframework.data.repository.config.DeferredRepositoryInitializationListener [restartedMain] Triggering deferred initialization of Spring Data repositories…
2020-11-21 23:12:25,752 INFO org.springframework.data.repository.config.DeferredRepositoryInitializationListener [restartedMain] Spring Data repositories initialized!
2020-11-21 23:12:25,756 INFO org.springframework.boot.StartupInfoLogger [restartedMain] Started SakabayBackendApplication in 1.33 seconds (JVM running for 246.594)
2020-11-21 23:12:25,870 INFO org.springframework.boot.devtools.autoconfigure.ConditionEvaluationDeltaLoggingListener [restartedMain] Condition evaluation unchanged
2020-11-21 23:14:09,081 INFO org.springframework.orm.jpa.AbstractEntityManagerFactoryBean [Thread-1922] Closing JPA EntityManagerFactory for persistence unit 'default'
2020-11-21 23:14:09,082 INFO org.springframework.scheduling.concurrent.ExecutorConfigurationSupport [Thread-1922] Shutting down ExecutorService 'applicationTaskExecutor'
2020-11-21 23:14:09,082 INFO com.zaxxer.hikari.HikariDataSource [Thread-1922] HikariPool-10 - Shutdown initiated...
2020-11-21 23:14:09,084 INFO com.zaxxer.hikari.HikariDataSource [Thread-1922] HikariPool-10 - Shutdown completed.
2020-11-21 23:14:09,250 INFO org.springframework.boot.StartupInfoLogger [restartedMain] Starting SakabayBackendApplication on MBP-de-Williams with PID 3007 (/Users/williamsmodeste/eclipse-workspace/sakabay-backend/target/classes started by williamsmodeste in /Users/williamsmodeste/eclipse-workspace/sakabay-backend)
2020-11-21 23:14:09,250 DEBUG org.springframework.boot.StartupInfoLogger [restartedMain] Running with Spring Boot v2.3.0.RELEASE, Spring v5.2.6.RELEASE
2020-11-21 23:14:09,251 INFO org.springframework.boot.SpringApplication [restartedMain] No active profile set, falling back to default profiles: default
2020-11-21 23:14:09,439 INFO org.springframework.data.repository.config.RepositoryConfigurationDelegate [restartedMain] Bootstrapping Spring Data JPA repositories in DEFERRED mode.
2020-11-21 23:14:09,466 INFO org.springframework.data.repository.config.RepositoryConfigurationDelegate [restartedMain] Finished Spring Data repository scanning in 27ms. Found 12 JPA repository interfaces.
2020-11-21 23:14:09,568 INFO org.springframework.boot.web.embedded.tomcat.TomcatWebServer [restartedMain] Tomcat initialized with port(s): 8080 (http)
2020-11-21 23:14:09,569 INFO org.apache.juli.logging.DirectJDKLog [restartedMain] Starting service [Tomcat]
2020-11-21 23:14:09,569 INFO org.apache.juli.logging.DirectJDKLog [restartedMain] Starting Servlet engine: [Apache Tomcat/9.0.35]
2020-11-21 23:14:09,574 INFO org.apache.juli.logging.DirectJDKLog [restartedMain] Initializing Spring embedded WebApplicationContext
2020-11-21 23:14:09,574 INFO org.springframework.boot.web.servlet.context.ServletWebServerApplicationContext [restartedMain] Root WebApplicationContext: initialization completed in 322 ms
2020-11-21 23:14:09,607 DEBUG org.springframework.web.filter.GenericFilterBean [restartedMain] Filter 'jwtRequestFilter' configured for use
2020-11-21 23:14:09,642 INFO org.springframework.scheduling.concurrent.ExecutorConfigurationSupport [restartedMain] Initializing ExecutorService 'applicationTaskExecutor'
2020-11-21 23:14:09,649 INFO org.hibernate.jpa.internal.util.LogHelper [task-1] HHH000204: Processing PersistenceUnitInfo [name: default]
2020-11-21 23:14:09,654 INFO com.zaxxer.hikari.HikariDataSource [task-1] HikariPool-11 - Starting...
2020-11-21 23:14:09,665 INFO com.zaxxer.hikari.HikariDataSource [task-1] HikariPool-11 - Start completed.
2020-11-21 23:14:09,666 INFO org.hibernate.dialect.Dialect [task-1] HHH000400: Using dialect: org.hibernate.dialect.MySQL5InnoDBDialect
2020-11-21 23:14:09,688 WARN org.springframework.boot.autoconfigure.orm.jpa.JpaBaseConfiguration$JpaWebConfiguration [restartedMain] spring.jpa.open-in-view is enabled by default. Therefore, database queries may be performed during view rendering. Explicitly configure spring.jpa.open-in-view to disable this warning
2020-11-21 23:14:10,315 INFO org.hibernate.engine.transaction.jta.platform.internal.JtaPlatformInitiator [task-1] HHH000490: Using JtaPlatform implementation: [org.hibernate.engine.transaction.jta.platform.internal.NoJtaPlatform]
2020-11-21 23:14:10,315 INFO org.springframework.orm.jpa.AbstractEntityManagerFactoryBean [task-1] Initialized JPA EntityManagerFactory for persistence unit 'default'
2020-11-21 23:14:10,370 INFO org.springframework.boot.devtools.autoconfigure.OptionalLiveReloadServer [task-2] LiveReload server is running on port 35729
2020-11-21 23:14:10,401 INFO org.springframework.security.web.DefaultSecurityFilterChain [restartedMain] Creating filter chain: any request, [org.springframework.security.web.context.request.async.WebAsyncManagerIntegrationFilter@3f05f2f, org.springframework.security.web.context.SecurityContextPersistenceFilter@3d2c7799, org.springframework.security.web.header.HeaderWriterFilter@666b9fc2, org.springframework.security.web.authentication.logout.LogoutFilter@1d61c3c4, com.mowil.ats.configuration.JwtRequestFilter@7b81680a, org.springframework.security.web.savedrequest.RequestCacheAwareFilter@56e7e590, org.springframework.security.web.servletapi.SecurityContextHolderAwareRequestFilter@6c48f501, org.springframework.security.web.authentication.AnonymousAuthenticationFilter@1ddfd7bb, org.springframework.security.web.session.SessionManagementFilter@5bae8ccb, org.springframework.security.web.access.ExceptionTranslationFilter@c4cfd99, org.springframework.security.web.access.intercept.FilterSecurityInterceptor@1f0b0e82]
2020-11-21 23:14:10,503 INFO org.springframework.boot.web.embedded.tomcat.TomcatWebServer [restartedMain] Tomcat started on port(s): 8080 (http) with context path ''
2020-11-21 23:14:10,504 INFO org.springframework.data.repository.config.DeferredRepositoryInitializationListener [restartedMain] Triggering deferred initialization of Spring Data repositories…
2020-11-21 23:14:10,637 INFO org.springframework.data.repository.config.DeferredRepositoryInitializationListener [restartedMain] Spring Data repositories initialized!
2020-11-21 23:14:10,640 INFO org.springframework.boot.StartupInfoLogger [restartedMain] Started SakabayBackendApplication in 1.413 seconds (JVM running for 351.479)
2020-11-21 23:14:10,765 INFO org.springframework.boot.devtools.autoconfigure.ConditionEvaluationDeltaLoggingListener [restartedMain] Condition evaluation unchanged
2020-11-21 23:14:30,091 INFO org.springframework.orm.jpa.AbstractEntityManagerFactoryBean [Thread-2135] Closing JPA EntityManagerFactory for persistence unit 'default'
2020-11-21 23:14:30,092 INFO org.springframework.scheduling.concurrent.ExecutorConfigurationSupport [Thread-2135] Shutting down ExecutorService 'applicationTaskExecutor'
2020-11-21 23:14:30,092 INFO com.zaxxer.hikari.HikariDataSource [Thread-2135] HikariPool-11 - Shutdown initiated...
2020-11-21 23:14:30,097 INFO com.zaxxer.hikari.HikariDataSource [Thread-2135] HikariPool-11 - Shutdown completed.
2020-11-21 23:14:30,255 INFO org.springframework.boot.StartupInfoLogger [restartedMain] Starting SakabayBackendApplication on MBP-de-Williams with PID 3007 (/Users/williamsmodeste/eclipse-workspace/sakabay-backend/target/classes started by williamsmodeste in /Users/williamsmodeste/eclipse-workspace/sakabay-backend)
2020-11-21 23:14:30,255 DEBUG org.springframework.boot.StartupInfoLogger [restartedMain] Running with Spring Boot v2.3.0.RELEASE, Spring v5.2.6.RELEASE
2020-11-21 23:14:30,255 INFO org.springframework.boot.SpringApplication [restartedMain] No active profile set, falling back to default profiles: default
2020-11-21 23:14:30,439 INFO org.springframework.data.repository.config.RepositoryConfigurationDelegate [restartedMain] Bootstrapping Spring Data JPA repositories in DEFERRED mode.
2020-11-21 23:14:30,466 INFO org.springframework.data.repository.config.RepositoryConfigurationDelegate [restartedMain] Finished Spring Data repository scanning in 26ms. Found 12 JPA repository interfaces.
2020-11-21 23:14:30,561 INFO org.springframework.boot.web.embedded.tomcat.TomcatWebServer [restartedMain] Tomcat initialized with port(s): 8080 (http)
2020-11-21 23:14:30,561 INFO org.apache.juli.logging.DirectJDKLog [restartedMain] Starting service [Tomcat]
2020-11-21 23:14:30,561 INFO org.apache.juli.logging.DirectJDKLog [restartedMain] Starting Servlet engine: [Apache Tomcat/9.0.35]
2020-11-21 23:14:30,567 INFO org.apache.juli.logging.DirectJDKLog [restartedMain] Initializing Spring embedded WebApplicationContext
2020-11-21 23:14:30,567 INFO org.springframework.boot.web.servlet.context.ServletWebServerApplicationContext [restartedMain] Root WebApplicationContext: initialization completed in 310 ms
2020-11-21 23:14:30,600 DEBUG org.springframework.web.filter.GenericFilterBean [restartedMain] Filter 'jwtRequestFilter' configured for use
2020-11-21 23:14:30,633 INFO org.springframework.scheduling.concurrent.ExecutorConfigurationSupport [restartedMain] Initializing ExecutorService 'applicationTaskExecutor'
2020-11-21 23:14:30,639 INFO org.hibernate.jpa.internal.util.LogHelper [task-1] HHH000204: Processing PersistenceUnitInfo [name: default]
2020-11-21 23:14:30,643 INFO com.zaxxer.hikari.HikariDataSource [task-1] HikariPool-12 - Starting...
2020-11-21 23:14:30,653 INFO com.zaxxer.hikari.HikariDataSource [task-1] HikariPool-12 - Start completed.
2020-11-21 23:14:30,654 INFO org.hibernate.dialect.Dialect [task-1] HHH000400: Using dialect: org.hibernate.dialect.MySQL5InnoDBDialect
2020-11-21 23:14:30,675 WARN org.springframework.boot.autoconfigure.orm.jpa.JpaBaseConfiguration$JpaWebConfiguration [restartedMain] spring.jpa.open-in-view is enabled by default. Therefore, database queries may be performed during view rendering. Explicitly configure spring.jpa.open-in-view to disable this warning
2020-11-21 23:14:31,276 INFO org.hibernate.engine.transaction.jta.platform.internal.JtaPlatformInitiator [task-1] HHH000490: Using JtaPlatform implementation: [org.hibernate.engine.transaction.jta.platform.internal.NoJtaPlatform]
2020-11-21 23:14:31,277 INFO org.springframework.orm.jpa.AbstractEntityManagerFactoryBean [task-1] Initialized JPA EntityManagerFactory for persistence unit 'default'
2020-11-21 23:14:31,344 INFO org.springframework.boot.devtools.autoconfigure.OptionalLiveReloadServer [task-2] LiveReload server is running on port 35729
2020-11-21 23:14:31,361 INFO org.springframework.security.web.DefaultSecurityFilterChain [restartedMain] Creating filter chain: any request, [org.springframework.security.web.context.request.async.WebAsyncManagerIntegrationFilter@66da9103, org.springframework.security.web.context.SecurityContextPersistenceFilter@7935a0c7, org.springframework.security.web.header.HeaderWriterFilter@660b384f, org.springframework.security.web.authentication.logout.LogoutFilter@64b488bb, com.mowil.ats.configuration.JwtRequestFilter@711f37f9, org.springframework.security.web.savedrequest.RequestCacheAwareFilter@61cd6de0, org.springframework.security.web.servletapi.SecurityContextHolderAwareRequestFilter@5e3be8d6, org.springframework.security.web.authentication.AnonymousAuthenticationFilter@abe9265, org.springframework.security.web.session.SessionManagementFilter@57c7383f, org.springframework.security.web.access.ExceptionTranslationFilter@11313a23, org.springframework.security.web.access.intercept.FilterSecurityInterceptor@a4974ac]
2020-11-21 23:14:31,456 INFO org.springframework.boot.web.embedded.tomcat.TomcatWebServer [restartedMain] Tomcat started on port(s): 8080 (http) with context path ''
2020-11-21 23:14:31,457 INFO org.springframework.data.repository.config.DeferredRepositoryInitializationListener [restartedMain] Triggering deferred initialization of Spring Data repositories…
2020-11-21 23:14:31,585 INFO org.springframework.data.repository.config.DeferredRepositoryInitializationListener [restartedMain] Spring Data repositories initialized!
2020-11-21 23:14:31,589 INFO org.springframework.boot.StartupInfoLogger [restartedMain] Started SakabayBackendApplication in 1.357 seconds (JVM running for 372.428)
2020-11-21 23:14:31,703 INFO org.springframework.boot.devtools.autoconfigure.ConditionEvaluationDeltaLoggingListener [restartedMain] Condition evaluation unchanged
2020-11-21 23:15:15,291 INFO org.springframework.orm.jpa.AbstractEntityManagerFactoryBean [Thread-2348] Closing JPA EntityManagerFactory for persistence unit 'default'
2020-11-21 23:15:15,292 INFO org.springframework.scheduling.concurrent.ExecutorConfigurationSupport [Thread-2348] Shutting down ExecutorService 'applicationTaskExecutor'
2020-11-21 23:15:15,292 INFO com.zaxxer.hikari.HikariDataSource [Thread-2348] HikariPool-12 - Shutdown initiated...
2020-11-21 23:15:15,296 INFO com.zaxxer.hikari.HikariDataSource [Thread-2348] HikariPool-12 - Shutdown completed.
2020-11-21 23:15:15,458 INFO org.springframework.boot.StartupInfoLogger [restartedMain] Starting SakabayBackendApplication on MBP-de-Williams with PID 3007 (/Users/williamsmodeste/eclipse-workspace/sakabay-backend/target/classes started by williamsmodeste in /Users/williamsmodeste/eclipse-workspace/sakabay-backend)
2020-11-21 23:15:15,458 DEBUG org.springframework.boot.StartupInfoLogger [restartedMain] Running with Spring Boot v2.3.0.RELEASE, Spring v5.2.6.RELEASE
2020-11-21 23:15:15,458 INFO org.springframework.boot.SpringApplication [restartedMain] No active profile set, falling back to default profiles: default
2020-11-21 23:15:15,637 INFO org.springframework.data.repository.config.RepositoryConfigurationDelegate [restartedMain] Bootstrapping Spring Data JPA repositories in DEFERRED mode.
2020-11-21 23:15:15,663 INFO org.springframework.data.repository.config.RepositoryConfigurationDelegate [restartedMain] Finished Spring Data repository scanning in 25ms. Found 12 JPA repository interfaces.
2020-11-21 23:15:15,756 INFO org.springframework.boot.web.embedded.tomcat.TomcatWebServer [restartedMain] Tomcat initialized with port(s): 8080 (http)
2020-11-21 23:15:15,756 INFO org.apache.juli.logging.DirectJDKLog [restartedMain] Starting service [Tomcat]
2020-11-21 23:15:15,756 INFO org.apache.juli.logging.DirectJDKLog [restartedMain] Starting Servlet engine: [Apache Tomcat/9.0.35]
2020-11-21 23:15:15,762 INFO org.apache.juli.logging.DirectJDKLog [restartedMain] Initializing Spring embedded WebApplicationContext
2020-11-21 23:15:15,762 INFO org.springframework.boot.web.servlet.context.ServletWebServerApplicationContext [restartedMain] Root WebApplicationContext: initialization completed in 302 ms
2020-11-21 23:15:15,794 DEBUG org.springframework.web.filter.GenericFilterBean [restartedMain] Filter 'jwtRequestFilter' configured for use
2020-11-21 23:15:15,824 INFO org.springframework.scheduling.concurrent.ExecutorConfigurationSupport [restartedMain] Initializing ExecutorService 'applicationTaskExecutor'
2020-11-21 23:15:15,831 INFO org.hibernate.jpa.internal.util.LogHelper [task-1] HHH000204: Processing PersistenceUnitInfo [name: default]
2020-11-21 23:15:15,836 INFO com.zaxxer.hikari.HikariDataSource [task-1] HikariPool-13 - Starting...
2020-11-21 23:15:15,846 INFO com.zaxxer.hikari.HikariDataSource [task-1] HikariPool-13 - Start completed.
2020-11-21 23:15:15,846 INFO org.hibernate.dialect.Dialect [task-1] HHH000400: Using dialect: org.hibernate.dialect.MySQL5InnoDBDialect
2020-11-21 23:15:15,868 WARN org.springframework.boot.autoconfigure.orm.jpa.JpaBaseConfiguration$JpaWebConfiguration [restartedMain] spring.jpa.open-in-view is enabled by default. Therefore, database queries may be performed during view rendering. Explicitly configure spring.jpa.open-in-view to disable this warning
2020-11-21 23:15:16,460 INFO org.hibernate.engine.transaction.jta.platform.internal.JtaPlatformInitiator [task-1] HHH000490: Using JtaPlatform implementation: [org.hibernate.engine.transaction.jta.platform.internal.NoJtaPlatform]
2020-11-21 23:15:16,461 INFO org.springframework.orm.jpa.AbstractEntityManagerFactoryBean [task-1] Initialized JPA EntityManagerFactory for persistence unit 'default'
2020-11-21 23:15:16,533 INFO org.springframework.security.web.DefaultSecurityFilterChain [restartedMain] Creating filter chain: any request, [org.springframework.security.web.context.request.async.WebAsyncManagerIntegrationFilter@48b3451c, org.springframework.security.web.context.SecurityContextPersistenceFilter@6845c0d9, org.springframework.security.web.header.HeaderWriterFilter@275fa61a, org.springframework.security.web.authentication.logout.LogoutFilter@40b92802, com.mowil.ats.configuration.JwtRequestFilter@4d35ca09, org.springframework.security.web.savedrequest.RequestCacheAwareFilter@a120c36, org.springframework.security.web.servletapi.SecurityContextHolderAwareRequestFilter@50a71418, org.springframework.security.web.authentication.AnonymousAuthenticationFilter@6d580c9d, org.springframework.security.web.session.SessionManagementFilter@31ccf038, org.springframework.security.web.access.ExceptionTranslationFilter@49556c13, org.springframework.security.web.access.intercept.FilterSecurityInterceptor@37f2d85]
2020-11-21 23:15:16,542 INFO org.springframework.boot.devtools.autoconfigure.OptionalLiveReloadServer [task-2] LiveReload server is running on port 35729
2020-11-21 23:15:16,637 INFO org.springframework.boot.web.embedded.tomcat.TomcatWebServer [restartedMain] Tomcat started on port(s): 8080 (http) with context path ''
2020-11-21 23:15:16,638 INFO org.springframework.data.repository.config.DeferredRepositoryInitializationListener [restartedMain] Triggering deferred initialization of Spring Data repositories…
2020-11-21 23:15:16,782 INFO org.springframework.data.repository.config.DeferredRepositoryInitializationListener [restartedMain] Spring Data repositories initialized!
2020-11-21 23:15:16,785 INFO org.springframework.boot.StartupInfoLogger [restartedMain] Started SakabayBackendApplication in 1.346 seconds (JVM running for 417.625)
2020-11-21 23:15:16,893 INFO org.springframework.boot.devtools.autoconfigure.ConditionEvaluationDeltaLoggingListener [restartedMain] Condition evaluation unchanged
2020-11-21 23:17:14,195 INFO org.springframework.orm.jpa.AbstractEntityManagerFactoryBean [Thread-2561] Closing JPA EntityManagerFactory for persistence unit 'default'
2020-11-21 23:17:14,196 INFO org.springframework.scheduling.concurrent.ExecutorConfigurationSupport [Thread-2561] Shutting down ExecutorService 'applicationTaskExecutor'
2020-11-21 23:17:14,196 INFO com.zaxxer.hikari.HikariDataSource [Thread-2561] HikariPool-13 - Shutdown initiated...
2020-11-21 23:17:14,200 INFO com.zaxxer.hikari.HikariDataSource [Thread-2561] HikariPool-13 - Shutdown completed.
2020-11-21 23:17:34,962 INFO org.springframework.boot.StartupInfoLogger [restartedMain] Starting SakabayBackendApplication on MBP-de-Williams with PID 3007 (/Users/williamsmodeste/eclipse-workspace/sakabay-backend/target/classes started by williamsmodeste in /Users/williamsmodeste/eclipse-workspace/sakabay-backend)
2020-11-21 23:17:34,963 DEBUG org.springframework.boot.StartupInfoLogger [restartedMain] Running with Spring Boot v2.3.0.RELEASE, Spring v5.2.6.RELEASE
2020-11-21 23:17:34,963 INFO org.springframework.boot.SpringApplication [restartedMain] No active profile set, falling back to default profiles: default
2020-11-21 23:17:35,143 INFO org.springframework.data.repository.config.RepositoryConfigurationDelegate [restartedMain] Bootstrapping Spring Data JPA repositories in DEFERRED mode.
2020-11-21 23:17:35,169 INFO org.springframework.data.repository.config.RepositoryConfigurationDelegate [restartedMain] Finished Spring Data repository scanning in 25ms. Found 12 JPA repository interfaces.
2020-11-21 23:17:35,269 INFO org.springframework.boot.web.embedded.tomcat.TomcatWebServer [restartedMain] Tomcat initialized with port(s): 8080 (http)
2020-11-21 23:17:35,269 INFO org.apache.juli.logging.DirectJDKLog [restartedMain] Starting service [Tomcat]
2020-11-21 23:17:35,269 INFO org.apache.juli.logging.DirectJDKLog [restartedMain] Starting Servlet engine: [Apache Tomcat/9.0.35]
2020-11-21 23:17:35,275 INFO org.apache.juli.logging.DirectJDKLog [restartedMain] Initializing Spring embedded WebApplicationContext
2020-11-21 23:17:35,275 INFO org.springframework.boot.web.servlet.context.ServletWebServerApplicationContext [restartedMain] Root WebApplicationContext: initialization completed in 310 ms
2020-11-21 23:17:35,308 DEBUG org.springframework.web.filter.GenericFilterBean [restartedMain] Filter 'jwtRequestFilter' configured for use
2020-11-21 23:17:35,339 INFO org.springframework.scheduling.concurrent.ExecutorConfigurationSupport [restartedMain] Initializing ExecutorService 'applicationTaskExecutor'
2020-11-21 23:17:35,345 INFO org.hibernate.jpa.internal.util.LogHelper [task-1] HHH000204: Processing PersistenceUnitInfo [name: default]
2020-11-21 23:17:35,349 INFO com.zaxxer.hikari.HikariDataSource [task-1] HikariPool-14 - Starting...
2020-11-21 23:17:35,359 INFO com.zaxxer.hikari.HikariDataSource [task-1] HikariPool-14 - Start completed.
2020-11-21 23:17:35,360 INFO org.hibernate.dialect.Dialect [task-1] HHH000400: Using dialect: org.hibernate.dialect.MySQL5InnoDBDialect
2020-11-21 23:17:35,382 WARN org.springframework.boot.autoconfigure.orm.jpa.JpaBaseConfiguration$JpaWebConfiguration [restartedMain] spring.jpa.open-in-view is enabled by default. Therefore, database queries may be performed during view rendering. Explicitly configure spring.jpa.open-in-view to disable this warning
2020-11-21 23:17:35,984 INFO org.hibernate.engine.transaction.jta.platform.internal.JtaPlatformInitiator [task-1] HHH000490: Using JtaPlatform implementation: [org.hibernate.engine.transaction.jta.platform.internal.NoJtaPlatform]
2020-11-21 23:17:35,984 INFO org.springframework.orm.jpa.AbstractEntityManagerFactoryBean [task-1] Initialized JPA EntityManagerFactory for persistence unit 'default'
2020-11-21 23:17:36,047 INFO org.springframework.boot.devtools.autoconfigure.OptionalLiveReloadServer [task-2] LiveReload server is running on port 35729
2020-11-21 23:17:36,067 INFO org.springframework.security.web.DefaultSecurityFilterChain [restartedMain] Creating filter chain: any request, [org.springframework.security.web.context.request.async.WebAsyncManagerIntegrationFilter@77c70a74, org.springframework.security.web.context.SecurityContextPersistenceFilter@78de57e8, org.springframework.security.web.header.HeaderWriterFilter@3e5ad367, org.springframework.security.web.authentication.logout.LogoutFilter@d8a70b4, com.mowil.ats.configuration.JwtRequestFilter@1eb20764, org.springframework.security.web.savedrequest.RequestCacheAwareFilter@749db5, org.springframework.security.web.servletapi.SecurityContextHolderAwareRequestFilter@685db737, org.springframework.security.web.authentication.AnonymousAuthenticationFilter@3a677588, org.springframework.security.web.session.SessionManagementFilter@dac4fe4, org.springframework.security.web.access.ExceptionTranslationFilter@1c2c8fc1, org.springframework.security.web.access.intercept.FilterSecurityInterceptor@6a1026c6]
2020-11-21 23:17:36,165 INFO org.springframework.boot.web.embedded.tomcat.TomcatWebServer [restartedMain] Tomcat started on port(s): 8080 (http) with context path ''
2020-11-21 23:17:36,166 INFO org.springframework.data.repository.config.DeferredRepositoryInitializationListener [restartedMain] Triggering deferred initialization of Spring Data repositories…
2020-11-21 23:17:36,291 INFO org.springframework.data.repository.config.DeferredRepositoryInitializationListener [restartedMain] Spring Data repositories initialized!
2020-11-21 23:17:36,294 INFO org.springframework.boot.StartupInfoLogger [restartedMain] Started SakabayBackendApplication in 1.353 seconds (JVM running for 557.139)
2020-11-21 23:17:36,403 INFO com.mowil.ats.services.LoggerService [restartedMain] "ceci est un test"
2020-11-21 23:17:36,404 INFO org.springframework.boot.devtools.autoconfigure.ConditionEvaluationDeltaLoggingListener [restartedMain] Condition evaluation unchanged
2020-11-21 23:20:47,385 INFO org.springframework.orm.jpa.AbstractEntityManagerFactoryBean [Thread-2774] Closing JPA EntityManagerFactory for persistence unit 'default'
2020-11-21 23:20:47,387 INFO org.springframework.scheduling.concurrent.ExecutorConfigurationSupport [Thread-2774] Shutting down ExecutorService 'applicationTaskExecutor'
2020-11-21 23:20:47,387 INFO com.zaxxer.hikari.HikariDataSource [Thread-2774] HikariPool-14 - Shutdown initiated...
2020-11-21 23:20:47,393 INFO com.zaxxer.hikari.HikariDataSource [Thread-2774] HikariPool-14 - Shutdown completed.
2020-11-21 23:20:47,603 INFO org.springframework.boot.StartupInfoLogger [restartedMain] Starting SakabayBackendApplication on MBP-de-Williams with PID 3007 (/Users/williamsmodeste/eclipse-workspace/sakabay-backend/target/classes started by williamsmodeste in /Users/williamsmodeste/eclipse-workspace/sakabay-backend)
2020-11-21 23:20:47,604 DEBUG org.springframework.boot.StartupInfoLogger [restartedMain] Running with Spring Boot v2.3.0.RELEASE, Spring v5.2.6.RELEASE
2020-11-21 23:20:47,604 INFO org.springframework.boot.SpringApplication [restartedMain] No active profile set, falling back to default profiles: default
2020-11-21 23:20:47,799 INFO org.springframework.data.repository.config.RepositoryConfigurationDelegate [restartedMain] Bootstrapping Spring Data JPA repositories in DEFERRED mode.
2020-11-21 23:20:47,825 INFO org.springframework.data.repository.config.RepositoryConfigurationDelegate [restartedMain] Finished Spring Data repository scanning in 25ms. Found 12 JPA repository interfaces.
2020-11-21 23:20:47,923 INFO org.springframework.boot.web.embedded.tomcat.TomcatWebServer [restartedMain] Tomcat initialized with port(s): 8080 (http)
2020-11-21 23:20:47,923 INFO org.apache.juli.logging.DirectJDKLog [restartedMain] Starting service [Tomcat]
2020-11-21 23:20:47,923 INFO org.apache.juli.logging.DirectJDKLog [restartedMain] Starting Servlet engine: [Apache Tomcat/9.0.35]
2020-11-21 23:20:47,928 INFO org.apache.juli.logging.DirectJDKLog [restartedMain] Initializing Spring embedded WebApplicationContext
2020-11-21 23:20:47,928 INFO org.springframework.boot.web.servlet.context.ServletWebServerApplicationContext [restartedMain] Root WebApplicationContext: initialization completed in 322 ms
2020-11-21 23:20:47,961 DEBUG org.springframework.web.filter.GenericFilterBean [restartedMain] Filter 'jwtRequestFilter' configured for use
2020-11-21 23:20:47,992 INFO org.springframework.scheduling.concurrent.ExecutorConfigurationSupport [restartedMain] Initializing ExecutorService 'applicationTaskExecutor'
2020-11-21 23:20:47,999 INFO org.hibernate.jpa.internal.util.LogHelper [task-1] HHH000204: Processing PersistenceUnitInfo [name: default]
2020-11-21 23:20:48,003 INFO com.zaxxer.hikari.HikariDataSource [task-1] HikariPool-15 - Starting...
2020-11-21 23:20:48,013 INFO com.zaxxer.hikari.HikariDataSource [task-1] HikariPool-15 - Start completed.
2020-11-21 23:20:48,014 INFO org.hibernate.dialect.Dialect [task-1] HHH000400: Using dialect: org.hibernate.dialect.MySQL5InnoDBDialect
2020-11-21 23:20:48,037 WARN org.springframework.boot.autoconfigure.orm.jpa.JpaBaseConfiguration$JpaWebConfiguration [restartedMain] spring.jpa.open-in-view is enabled by default. Therefore, database queries may be performed during view rendering. Explicitly configure spring.jpa.open-in-view to disable this warning
2020-11-21 23:20:48,625 INFO org.hibernate.engine.transaction.jta.platform.internal.JtaPlatformInitiator [task-1] HHH000490: Using JtaPlatform implementation: [org.hibernate.engine.transaction.jta.platform.internal.NoJtaPlatform]
2020-11-21 23:20:48,625 INFO org.springframework.orm.jpa.AbstractEntityManagerFactoryBean [task-1] Initialized JPA EntityManagerFactory for persistence unit 'default'
2020-11-21 23:20:48,685 INFO org.springframework.boot.devtools.autoconfigure.OptionalLiveReloadServer [task-2] LiveReload server is running on port 35729
2020-11-21 23:20:48,707 INFO org.springframework.security.web.DefaultSecurityFilterChain [restartedMain] Creating filter chain: any request, [org.springframework.security.web.context.request.async.WebAsyncManagerIntegrationFilter@6a0ae92, org.springframework.security.web.context.SecurityContextPersistenceFilter@30f0d526, org.springframework.security.web.header.HeaderWriterFilter@8662103, org.springframework.security.web.authentication.logout.LogoutFilter@79dad8fe, com.mowil.ats.configuration.JwtRequestFilter@2c2709cf, org.springframework.security.web.savedrequest.RequestCacheAwareFilter@42d75b36, org.springframework.security.web.servletapi.SecurityContextHolderAwareRequestFilter@7b801456, org.springframework.security.web.authentication.AnonymousAuthenticationFilter@4a097614, org.springframework.security.web.session.SessionManagementFilter@59bdb79a, org.springframework.security.web.access.ExceptionTranslationFilter@cffc553, org.springframework.security.web.access.intercept.FilterSecurityInterceptor@51a43b35]
2020-11-21 23:20:48,802 INFO org.springframework.boot.web.embedded.tomcat.TomcatWebServer [restartedMain] Tomcat started on port(s): 8080 (http) with context path ''
2020-11-21 23:20:48,803 INFO org.springframework.data.repository.config.DeferredRepositoryInitializationListener [restartedMain] Triggering deferred initialization of Spring Data repositories…
2020-11-21 23:20:48,924 INFO org.springframework.data.repository.config.DeferredRepositoryInitializationListener [restartedMain] Spring Data repositories initialized!
2020-11-21 23:20:48,927 INFO org.springframework.boot.StartupInfoLogger [restartedMain] Started SakabayBackendApplication in 1.348 seconds (JVM running for 749.772)
2020-11-21 23:20:49,038 INFO com.mowil.ats.services.LoggerService [restartedMain] "ceci est un test"
2020-11-21 23:20:49,038 INFO org.springframework.boot.devtools.autoconfigure.ConditionEvaluationDeltaLoggingListener [restartedMain] Condition evaluation unchanged
2020-11-21 23:21:55,849 INFO org.springframework.orm.jpa.AbstractEntityManagerFactoryBean [Thread-2989] Closing JPA EntityManagerFactory for persistence unit 'default'
2020-11-21 23:21:55,849 INFO org.springframework.scheduling.concurrent.ExecutorConfigurationSupport [Thread-2989] Shutting down ExecutorService 'applicationTaskExecutor'
2020-11-21 23:21:55,849 INFO com.zaxxer.hikari.HikariDataSource [Thread-2989] HikariPool-15 - Shutdown initiated...
2020-11-21 23:21:55,852 INFO com.zaxxer.hikari.HikariDataSource [Thread-2989] HikariPool-15 - Shutdown completed.
