2021-01-09 13:46:32,449 INFO org.springframework.boot.StartupInfoLogger [restartedMain] Starting SakabayBackendApplication on MBP-de-Williams with PID 16655 (/Users/williamsmodeste/Documents/JavaWorkSpace/sakabay-backend/target/classes started by williamsmodeste in /Users/williamsmodeste/Documents/JavaWorkSpace/sakabay-backend)
2021-01-09 13:46:32,451 DEBUG org.springframework.boot.StartupInfoLogger [restartedMain] Running with Spring Boot v2.3.0.RELEASE, Spring v5.2.6.RELEASE
2021-01-09 13:46:32,451 INFO org.springframework.boot.SpringApplication [restartedMain] No active profile set, falling back to default profiles: default
2021-01-09 13:46:32,482 INFO org.springframework.boot.logging.DeferredLog [restartedMain] Devtools property defaults active! Set 'spring.devtools.add-properties' to 'false' to disable
2021-01-09 13:46:32,482 INFO org.springframework.boot.logging.DeferredLog [restartedMain] For additional web related logging consider setting the 'logging.level.web' property to 'DEBUG'
2021-01-09 13:46:33,121 INFO org.springframework.data.repository.config.RepositoryConfigurationDelegate [restartedMain] Bootstrapping Spring Data JPA repositories in DEFERRED mode.
2021-01-09 13:46:33,199 INFO org.springframework.data.repository.config.RepositoryConfigurationDelegate [restartedMain] Finished Spring Data repository scanning in 67ms. Found 9 JPA repository interfaces.
2021-01-09 13:46:33,908 INFO org.springframework.boot.web.embedded.tomcat.TomcatWebServer [restartedMain] Tomcat initialized with port(s): 8080 (http)
2021-01-09 13:46:33,919 INFO org.apache.juli.logging.DirectJDKLog [restartedMain] Initializing ProtocolHandler ["http-nio-8080"]
2021-01-09 13:46:33,920 INFO org.apache.juli.logging.DirectJDKLog [restartedMain] Starting service [Tomcat]
2021-01-09 13:46:33,921 INFO org.apache.juli.logging.DirectJDKLog [restartedMain] Starting Servlet engine: [Apache Tomcat/9.0.35]
2021-01-09 13:46:33,989 INFO org.apache.juli.logging.DirectJDKLog [restartedMain] Initializing Spring embedded WebApplicationContext
2021-01-09 13:46:33,989 INFO org.springframework.boot.web.servlet.context.ServletWebServerApplicationContext [restartedMain] Root WebApplicationContext: initialization completed in 1507 ms
2021-01-09 13:46:34,109 DEBUG org.springframework.web.filter.GenericFilterBean [restartedMain] Filter 'jwtRequestFilter' configured for use
2021-01-09 13:46:34,305 INFO org.springframework.scheduling.concurrent.ExecutorConfigurationSupport [restartedMain] Initializing ExecutorService 'applicationTaskExecutor'
2021-01-09 13:46:34,367 INFO org.hibernate.jpa.internal.util.LogHelper [task-1] HHH000204: Processing PersistenceUnitInfo [name: default]
2021-01-09 13:46:34,413 WARN org.springframework.boot.autoconfigure.orm.jpa.JpaBaseConfiguration$JpaWebConfiguration [restartedMain] spring.jpa.open-in-view is enabled by default. Therefore, database queries may be performed during view rendering. Explicitly configure spring.jpa.open-in-view to disable this warning
2021-01-09 13:46:34,437 INFO org.hibernate.Version [task-1] HHH000412: Hibernate ORM core version 5.4.15.Final
2021-01-09 13:46:34,574 INFO org.hibernate.annotations.common.reflection.java.JavaReflectionManager [task-1] HCANN000001: Hibernate Commons Annotations {5.1.0.Final}
2021-01-09 13:46:34,667 INFO com.zaxxer.hikari.HikariDataSource [task-1] HikariPool-1 - Starting...
2021-01-09 13:46:35,030 INFO com.zaxxer.hikari.HikariDataSource [task-1] HikariPool-1 - Start completed.
2021-01-09 13:46:35,055 INFO org.hibernate.dialect.Dialect [task-1] HHH000400: Using dialect: org.hibernate.dialect.MySQL5InnoDBDialect
2021-01-09 13:46:36,242 INFO org.hibernate.engine.transaction.jta.platform.internal.JtaPlatformInitiator [task-1] HHH000490: Using JtaPlatform implementation: [org.hibernate.engine.transaction.jta.platform.internal.NoJtaPlatform]
2021-01-09 13:46:36,249 INFO org.springframework.orm.jpa.AbstractEntityManagerFactoryBean [task-1] Initialized JPA EntityManagerFactory for persistence unit 'default'
2021-01-09 13:46:36,527 INFO org.springframework.boot.devtools.autoconfigure.OptionalLiveReloadServer [task-2] LiveReload server is running on port 35729
2021-01-09 13:46:36,976 INFO org.springframework.security.web.DefaultSecurityFilterChain [restartedMain] Creating filter chain: any request, [org.springframework.security.web.context.request.async.WebAsyncManagerIntegrationFilter@22aa6fef, org.springframework.security.web.context.SecurityContextPersistenceFilter@1c622fa4, org.springframework.security.web.header.HeaderWriterFilter@23b541a1, org.springframework.security.web.authentication.logout.LogoutFilter@105cce0e, com.mowil.ats.configuration.JwtRequestFilter@1c50314c, org.springframework.security.web.savedrequest.RequestCacheAwareFilter@5ab42ffb, org.springframework.security.web.servletapi.SecurityContextHolderAwareRequestFilter@562e5f43, org.springframework.security.web.authentication.AnonymousAuthenticationFilter@1faaa34, org.springframework.security.web.session.SessionManagementFilter@30573a8b, org.springframework.security.web.access.ExceptionTranslationFilter@28645539, org.springframework.security.web.access.intercept.FilterSecurityInterceptor@5911f4f]
2021-01-09 13:46:37,442 INFO org.apache.juli.logging.DirectJDKLog [restartedMain] Starting ProtocolHandler ["http-nio-8080"]
2021-01-09 13:46:37,470 INFO org.springframework.boot.web.embedded.tomcat.TomcatWebServer [restartedMain] Tomcat started on port(s): 8080 (http) with context path ''
2021-01-09 13:46:37,470 INFO org.springframework.data.repository.config.DeferredRepositoryInitializationListener [restartedMain] Triggering deferred initialization of Spring Data repositories…
2021-01-09 13:46:37,744 INFO org.springframework.data.repository.config.DeferredRepositoryInitializationListener [restartedMain] Spring Data repositories initialized!
2021-01-09 13:46:37,752 INFO org.springframework.boot.StartupInfoLogger [restartedMain] Started SakabayBackendApplication in 5.639 seconds (JVM running for 6.288)
2021-01-09 13:46:37,931 INFO com.mowil.ats.services.LoggerService [restartedMain] "ceci est un test"
2021-01-09 13:46:47,253 INFO org.springframework.boot.admin.SpringApplicationAdminMXBeanRegistrar$SpringApplicationAdmin [RMI TCP Connection(2)-127.0.0.1] Application shutdown requested.
2021-01-09 13:46:47,277 INFO org.springframework.orm.jpa.AbstractEntityManagerFactoryBean [RMI TCP Connection(2)-127.0.0.1] Closing JPA EntityManagerFactory for persistence unit 'default'
2021-01-09 13:46:47,278 INFO org.springframework.scheduling.concurrent.ExecutorConfigurationSupport [RMI TCP Connection(2)-127.0.0.1] Shutting down ExecutorService 'applicationTaskExecutor'
2021-01-09 13:46:47,280 INFO com.zaxxer.hikari.HikariDataSource [RMI TCP Connection(2)-127.0.0.1] HikariPool-1 - Shutdown initiated...
2021-01-09 13:46:47,283 INFO com.zaxxer.hikari.HikariDataSource [RMI TCP Connection(2)-127.0.0.1] HikariPool-1 - Shutdown completed.
